<?xml version="1.0" encoding="UTF-8"?>
<!-- Generated by org.testng.reporters.JUnitXMLReporter -->
<testsuite hostname="Mir-PC" ignored="0" name="TestA" tests="3" failures="1" timestamp="06 Jun 2019 00:01:59 GMT" time="0.059" errors="0">
  <testcase name="testA1" time="0.021" classname="com.qtpselenium.core.ddf.testcases.DummyTestA">
    <failure type="java.lang.AssertionError" message="null">
      <![CDATA[java.lang.AssertionError: null
at com.qtpselenium.core.ddf.testcases.DummyTestA.testA1(DummyTestA.java:14)
... Removed 27 stack frames]]>
    </failure>
  </testcase> <!-- testA1 -->
  <testcase name="testA2" time="0.0" classname="com.qtpselenium.core.ddf.testcases.DummyTestA">
    <skipped/>
  </testcase> <!-- testA2 -->
  <testcase name="testA3" time="0.0" classname="com.qtpselenium.core.ddf.testcases.DummyTestA">
    <skipped/>
  </testcase> <!-- testA3 -->
</testsuite> <!-- TestA -->
